\BOOKMARK [1][-]{section.1}{\376\377\000I\000n\000t\000r\000o\000d\000u\000c\000t\000i\000o\000n}{}% 1
\BOOKMARK [1][-]{section.2}{\376\377\000M\000e\000t\000h\000o\000d\000o\000l\000o\000g\000y}{}% 2
\BOOKMARK [2][-]{subsection.2.1}{\376\377\000M\000a\000t\000h\000e\000m\000a\000t\000i\000c\000a\000l\000\040\000F\000r\000a\000m\000e\000w\000o\000r\000k}{section.2}% 3
\BOOKMARK [2][-]{subsection.2.2}{\376\377\000D\000a\000t\000a\000\040\000P\000r\000o\000c\000e\000s\000s\000i\000n\000g\000\040\000a\000n\000d\000\040\000Q\000u\000a\000l\000i\000t\000y\000\040\000C\000o\000n\000t\000r\000o\000l}{section.2}% 4
\BOOKMARK [2][-]{subsection.2.3}{\376\377\000U\000r\000b\000a\000n\000-\000R\000u\000r\000a\000l\000\040\000C\000l\000a\000s\000s\000i\000f\000i\000c\000a\000t\000i\000o\000n}{section.2}% 5
\BOOKMARK [2][-]{subsection.2.4}{\376\377\000S\000t\000a\000t\000i\000s\000t\000i\000c\000a\000l\000\040\000T\000e\000s\000t\000i\000n\000g\000\040\000F\000r\000a\000m\000e\000w\000o\000r\000k}{section.2}% 6
\BOOKMARK [3][-]{subsubsection.2.4.1}{\376\377\000I\000n\000d\000i\000v\000i\000d\000u\000a\000l\000\040\000S\000t\000a\000t\000i\000o\000n\000\040\000S\000i\000g\000n\000i\000f\000i\000c\000a\000n\000c\000e}{subsection.2.4}% 7
\BOOKMARK [3][-]{subsubsection.2.4.2}{\376\377\000N\000e\000t\000w\000o\000r\000k\000-\000W\000i\000d\000e\000\040\000T\000e\000s\000t\000s}{subsection.2.4}% 8
\BOOKMARK [3][-]{subsubsection.2.4.3}{\376\377\000S\000p\000a\000t\000i\000a\000l\000\040\000A\000u\000t\000o\000c\000o\000r\000r\000e\000l\000a\000t\000i\000o\000n}{subsection.2.4}% 9
\BOOKMARK [2][-]{subsection.2.5}{\376\377\000R\000e\000g\000i\000o\000n\000a\000l\000\040\000S\000t\000r\000a\000t\000i\000f\000i\000c\000a\000t\000i\000o\000n}{section.2}% 10
\BOOKMARK [2][-]{subsection.2.6}{\376\377\000T\000e\000m\000p\000e\000r\000a\000t\000u\000r\000e\000\040\000M\000e\000t\000r\000i\000c\000\040\000A\000n\000a\000l\000y\000s\000i\000s}{section.2}% 11
\BOOKMARK [2][-]{subsection.2.7}{\376\377\000V\000a\000l\000i\000d\000a\000t\000i\000o\000n\000\040\000a\000n\000d\000\040\000S\000e\000n\000s\000i\000t\000i\000v\000i\000t\000y\000\040\000A\000n\000a\000l\000y\000s\000i\000s}{section.2}% 12
\BOOKMARK [1][-]{section.3}{\376\377\000R\000e\000s\000u\000l\000t\000s}{}% 13
\BOOKMARK [2][-]{subsection.3.1}{\376\377\000N\000e\000t\000w\000o\000r\000k\000-\000W\000i\000d\000e\000\040\000P\000r\000o\000g\000r\000e\000s\000s\000i\000v\000e\000\040\000B\000i\000a\000s}{section.3}% 14
\BOOKMARK [2][-]{subsection.3.2}{\376\377\000U\000r\000b\000a\000n\000-\000R\000u\000r\000a\000l\000\040\000B\000i\000a\000s\000\040\000P\000a\000t\000t\000e\000r\000n\000s\000:\000\040\000T\000h\000e\000\040\000C\000r\000i\000t\000i\000c\000a\000l\000\040\000T\000e\000s\000t}{section.3}% 15
\BOOKMARK [2][-]{subsection.3.3}{\376\377\000R\000e\000g\000i\000o\000n\000a\000l\000\040\000P\000a\000t\000t\000e\000r\000n\000s\000\040\000a\000n\000d\000\040\000S\000p\000a\000t\000i\000a\000l\000\040\000A\000n\000a\000l\000y\000s\000i\000s}{section.3}% 16
\BOOKMARK [2][-]{subsection.3.4}{\376\377\000S\000t\000a\000t\000i\000s\000t\000i\000c\000a\000l\000\040\000R\000o\000b\000u\000s\000t\000n\000e\000s\000s}{section.3}% 17
\BOOKMARK [2][-]{subsection.3.5}{\376\377\000T\000e\000m\000p\000e\000r\000a\000t\000u\000r\000e\000\040\000M\000e\000t\000r\000i\000c\000\040\000C\000o\000r\000r\000e\000l\000a\000t\000i\000o\000n\000s}{section.3}% 18
\BOOKMARK [2][-]{subsection.3.6}{\376\377\000T\000e\000m\000p\000o\000r\000a\000l\000\040\000E\000v\000o\000l\000u\000t\000i\000o\000n\000\040\000o\000f\000\040\000B\000i\000a\000s}{section.3}% 19
\BOOKMARK [1][-]{section.4}{\376\377\000D\000i\000s\000c\000u\000s\000s\000i\000o\000n}{}% 20
\BOOKMARK [2][-]{subsection.4.1}{\376\377\000E\000v\000i\000d\000e\000n\000c\000e\000\040\000f\000o\000r\000\040\000S\000y\000s\000t\000e\000m\000a\000t\000i\000c\000\040\000P\000r\000o\000g\000r\000e\000s\000s\000i\000v\000e\000\040\000B\000i\000a\000s}{section.4}% 21
\BOOKMARK [2][-]{subsection.4.2}{\376\377\000T\000h\000e\000\040\000M\000a\000x\000i\000m\000u\000m\000\040\000T\000e\000m\000p\000e\000r\000a\000t\000u\000r\000e\000\040\000P\000a\000r\000a\000d\000o\000x}{section.4}% 22
\BOOKMARK [2][-]{subsection.4.3}{\376\377\000I\000m\000p\000l\000i\000c\000a\000t\000i\000o\000n\000s\000\040\000f\000o\000r\000\040\000G\000l\000o\000b\000a\000l\000\040\000T\000e\000m\000p\000e\000r\000a\000t\000u\000r\000e\000\040\000R\000e\000c\000o\000r\000d\000s}{section.4}% 23
\BOOKMARK [2][-]{subsection.4.4}{\376\377\000M\000e\000c\000h\000a\000n\000i\000s\000m\000s\000\040\000o\000f\000\040\000B\000i\000a\000s\000\040\000I\000n\000t\000r\000o\000d\000u\000c\000t\000i\000o\000n}{section.4}% 24
\BOOKMARK [3][-]{subsubsection.4.4.1}{\376\377\000A\000s\000y\000m\000m\000e\000t\000r\000i\000c\000\040\000B\000r\000e\000a\000k\000p\000o\000i\000n\000t\000\040\000D\000e\000t\000e\000c\000t\000i\000o\000n}{subsection.4.4}% 25
\BOOKMARK [3][-]{subsubsection.4.4.2}{\376\377\000R\000e\000f\000e\000r\000e\000n\000c\000e\000\040\000N\000e\000t\000w\000o\000r\000k\000\040\000C\000o\000n\000t\000a\000m\000i\000n\000a\000t\000i\000o\000n}{subsection.4.4}% 26
\BOOKMARK [3][-]{subsubsection.4.4.3}{\376\377\000T\000e\000m\000p\000o\000r\000a\000l\000\040\000I\000n\000h\000o\000m\000o\000g\000e\000n\000e\000i\000t\000y\000\040\000i\000n\000\040\000N\000e\000t\000w\000o\000r\000k\000\040\000C\000o\000m\000p\000o\000s\000i\000t\000i\000o\000n}{subsection.4.4}% 27
\BOOKMARK [2][-]{subsection.4.5}{\376\377\000A\000d\000d\000r\000e\000s\000s\000i\000n\000g\000\040\000P\000o\000t\000e\000n\000t\000i\000a\000l\000\040\000C\000r\000i\000t\000i\000c\000i\000s\000m\000s}{section.4}% 28
\BOOKMARK [3][-]{subsubsection.4.5.1}{\376\377\000C\000h\000o\000i\000c\000e\000\040\000o\000f\000\040\000B\000a\000s\000e\000l\000i\000n\000e\000\040\000P\000e\000r\000i\000o\000d}{subsection.4.5}% 29
\BOOKMARK [3][-]{subsubsection.4.5.2}{\376\377\000U\000r\000b\000a\000n\000\040\000C\000l\000a\000s\000s\000i\000f\000i\000c\000a\000t\000i\000o\000n\000\040\000C\000r\000i\000t\000e\000r\000i\000a}{subsection.4.5}% 30
\BOOKMARK [3][-]{subsubsection.4.5.3}{\376\377\000F\000o\000c\000u\000s\000\040\000o\000n\000\040\000P\000o\000s\000t\000-\000T\000O\000B\000\040\000A\000d\000j\000u\000s\000t\000m\000e\000n\000t\000s}{subsection.4.5}% 31
\BOOKMARK [2][-]{subsection.4.6}{\376\377\000C\000o\000m\000p\000a\000r\000i\000s\000o\000n\000\040\000w\000i\000t\000h\000\040\000P\000r\000e\000v\000i\000o\000u\000s\000\040\000S\000t\000u\000d\000i\000e\000s}{section.4}% 32
\BOOKMARK [2][-]{subsection.4.7}{\376\377\000I\000m\000p\000l\000i\000c\000a\000t\000i\000o\000n\000s\000\040\000f\000o\000r\000\040\000C\000l\000i\000m\000a\000t\000e\000\040\000S\000c\000i\000e\000n\000c\000e\000\040\000a\000n\000d\000\040\000P\000o\000l\000i\000c\000y}{section.4}% 33
\BOOKMARK [3][-]{subsubsection.4.7.1}{\376\377\000T\000e\000m\000p\000e\000r\000a\000t\000u\000r\000e\000\040\000T\000a\000r\000g\000e\000t\000\040\000R\000e\000a\000s\000s\000e\000s\000s\000m\000e\000n\000t}{subsection.4.7}% 34
\BOOKMARK [3][-]{subsubsection.4.7.2}{\376\377\000C\000l\000i\000m\000a\000t\000e\000\040\000M\000o\000d\000e\000l\000\040\000V\000a\000l\000i\000d\000a\000t\000i\000o\000n}{subsection.4.7}% 35
\BOOKMARK [3][-]{subsubsection.4.7.3}{\376\377\000A\000t\000t\000r\000i\000b\000u\000t\000i\000o\000n\000\040\000S\000t\000u\000d\000i\000e\000s}{subsection.4.7}% 36
\BOOKMARK [2][-]{subsection.4.8}{\376\377\000R\000e\000c\000o\000m\000m\000e\000n\000d\000a\000t\000i\000o\000n\000s\000\040\000f\000o\000r\000\040\000I\000m\000p\000r\000o\000v\000e\000m\000e\000n\000t}{section.4}% 37
\BOOKMARK [3][-]{subsubsection.4.8.1}{\376\377\000A\000l\000g\000o\000r\000i\000t\000h\000m\000\040\000T\000r\000a\000n\000s\000p\000a\000r\000e\000n\000c\000y\000\040\000a\000n\000d\000\040\000V\000a\000l\000i\000d\000a\000t\000i\000o\000n}{subsection.4.8}% 38
\BOOKMARK [3][-]{subsubsection.4.8.2}{\376\377\000R\000e\000f\000e\000r\000e\000n\000c\000e\000\040\000N\000e\000t\000w\000o\000r\000k\000\040\000D\000e\000v\000e\000l\000o\000p\000m\000e\000n\000t}{subsection.4.8}% 39
\BOOKMARK [3][-]{subsubsection.4.8.3}{\376\377\000A\000l\000t\000e\000r\000n\000a\000t\000i\000v\000e\000\040\000A\000d\000j\000u\000s\000t\000m\000e\000n\000t\000\040\000A\000p\000p\000r\000o\000a\000c\000h\000e\000s}{subsection.4.8}% 40
\BOOKMARK [3][-]{subsubsection.4.8.4}{\376\377\000U\000n\000c\000e\000r\000t\000a\000i\000n\000t\000y\000\040\000Q\000u\000a\000n\000t\000i\000f\000i\000c\000a\000t\000i\000o\000n}{subsection.4.8}% 41
\BOOKMARK [2][-]{subsection.4.9}{\376\377\000L\000i\000m\000i\000t\000a\000t\000i\000o\000n\000s\000\040\000a\000n\000d\000\040\000F\000u\000t\000u\000r\000e\000\040\000R\000e\000s\000e\000a\000r\000c\000h}{section.4}% 42
\BOOKMARK [1][-]{section.5}{\376\377\000C\000o\000n\000c\000l\000u\000s\000i\000o\000n}{}% 43
